<?xml version="1.0" encoding="UTF-8"?>
<!-- Generated by org.testng.reporters.JUnitReportReporter -->
<testsuite hostname="EPBYMINW3008" name="com.epam.test_gmail.LetterFromUser1InSpamTest" tests="1" failures="0" timestamp="20 Jul 2015 09:29:20 GMT" time="44.503" errors="0">
  <testcase name="checkLetterGoToSpam" time="44.503" classname="com.epam.test_gmail.LetterFromUser1InSpamTest"/>
</testsuite> <!-- com.epam.test_gmail.LetterFromUser1InSpamTest -->
