<?xml version="1.0" encoding="UTF-8"?>
<!-- Generated by org.testng.reporters.JUnitReportReporter -->
<testsuite hostname="Vika-PC" name="com.epam.test_gmail.ForwardTest2" tests="1" failures="0" timestamp="19 Jul 2015 20:38:13 GMT" time="0.008" errors="0">
  <testcase name="forward" time="0.008" classname="com.epam.test_gmail.ForwardTest2"/>
</testsuite> <!-- com.epam.test_gmail.ForwardTest2 -->
