<?xml version="1.0" encoding="UTF-8"?>
<!-- Generated by org.testng.reporters.JUnitReportReporter -->
<testsuite hostname="EPBYMINW3008" name="com.epam.test_gmail.BigAttachFileTest3" tests="1" failures="0" timestamp="20 Jul 2015 11:16:34 GMT" time="32.061" errors="0">
  <testcase name="tryToAttachFileBigSize" time="32.061" classname="com.epam.test_gmail.BigAttachFileTest3"/>
</testsuite> <!-- com.epam.test_gmail.BigAttachFileTest3 -->
