<?xml version="1.0" encoding="UTF-8"?>
<!-- Generated by org.testng.reporters.JUnitReportReporter -->
<testsuite hostname="EPBYMINW3008" name="com.epam.test_gmail.ForwardTest2" tests="1" failures="0" timestamp="17 Jul 2015 17:50:30 GMT" time="0.007" errors="0">
  <testcase name="forward" time="0.007" classname="com.epam.test_gmail.ForwardTest2"/>
</testsuite> <!-- com.epam.test_gmail.ForwardTest2 -->
