<?xml version="1.0" encoding="UTF-8"?>
<!-- Generated by org.testng.reporters.JUnitReportReporter -->
<testsuite hostname="EPBYMINW3008" name="com.epam.test_gmail.ThemesTest4$BigAttachFileTest3" tests="1" failures="0" timestamp="27 Jul 2015 11:36:34 GMT" time="16.556" errors="0">
  <testcase name="changeTheme" time="16.556" classname="com.epam.test_gmail.ThemesTest4$BigAttachFileTest3"/>
</testsuite> <!-- com.epam.test_gmail.ThemesTest4$BigAttachFileTest3 -->
